/usr/local/lib/python2.7/dist-packages/south/db/generic.py TIME: 2013-01-06 21:34:47,495 MSG:generic.py:execute:270 execute "SET FOREIGN_KEY_CHECKS=0;" with params "[]"
/usr/local/lib/python2.7/dist-packages/south/db/generic.py TIME: 2013-01-06 21:34:47,601 MSG:generic.py:execute:270 execute "SET FOREIGN_KEY_CHECKS=0;" with params "[]"
/usr/local/lib/python2.7/dist-packages/south/db/generic.py TIME: 2013-01-06 21:34:47,602 MSG:generic.py:execute:270 execute "CREATE TABLE `lbforum_config` (`id` integer AUTO_INCREMENT NOT NULL PRIMARY KEY, `key` varchar(255) NOT NULL, `value` varchar(255) NOT NULL);" with params "[]"
/usr/local/lib/python2.7/dist-packages/south/db/generic.py TIME: 2013-01-06 21:34:47,671 MSG:generic.py:execute:270 execute "CREATE TABLE `lbforum_category` (`id` integer AUTO_INCREMENT NOT NULL PRIMARY KEY, `name` varchar(100) NOT NULL, `description` longtext NOT NULL, `ordering` integer UNSIGNED NOT NULL, `created_on` datetime NOT NULL, `updated_on` datetime NULL);" with params "[]"
/usr/local/lib/python2.7/dist-packages/south/db/generic.py TIME: 2013-01-06 21:34:47,747 MSG:generic.py:execute:270 execute "CREATE TABLE `lbforum_forum` (`id` integer AUTO_INCREMENT NOT NULL PRIMARY KEY, `name` varchar(100) NOT NULL, `slug` varchar(110) NOT NULL, `description` longtext NOT NULL, `ordering` integer UNSIGNED NOT NULL, `category_id` integer NOT NULL, `created_on` datetime NOT NULL, `updated_on` datetime NULL, `num_topics` integer NOT NULL, `num_posts` integer NOT NULL, `last_post` varchar(255) NOT NULL);" with params "[]"
/usr/local/lib/python2.7/dist-packages/south/db/generic.py TIME: 2013-01-06 21:34:47,815 MSG:generic.py:execute:270 execute "CREATE TABLE `lbforum_topic` (`id` integer AUTO_INCREMENT NOT NULL PRIMARY KEY, `forum_id` integer NOT NULL, `posted_by_id` integer NOT NULL, `subject` varchar(999) NOT NULL, `num_views` integer NOT NULL, `num_replies` smallint UNSIGNED NOT NULL, `created_on` datetime NOT NULL, `updated_on` datetime NULL, `last_reply_on` datetime NOT NULL, `last_post` varchar(255) NOT NULL, `closed` bool NOT NULL, `sticky` bool NOT NULL, `hidden` bool NOT NULL);" with params "[]"
/usr/local/lib/python2.7/dist-packages/south/db/generic.py TIME: 2013-01-06 21:34:47,881 MSG:generic.py:execute:270 execute "CREATE TABLE `lbforum_post` (`id` integer AUTO_INCREMENT NOT NULL PRIMARY KEY, `topic_id` integer NOT NULL, `posted_by_id` integer NOT NULL, `poster_ip` char(15) NOT NULL, `topic_post` bool NOT NULL, `message` longtext NOT NULL, `created_on` datetime NOT NULL, `updated_on` datetime NULL, `edited_by` varchar(255) NOT NULL);" with params "[]"
/usr/local/lib/python2.7/dist-packages/south/db/generic.py TIME: 2013-01-06 21:34:47,948 MSG:generic.py:execute:270 execute "CREATE TABLE `lbforum_post_attachments` (`id` integer AUTO_INCREMENT NOT NULL PRIMARY KEY, `post_id` integer NOT NULL, `attachment_id` integer NOT NULL);" with params "[]"
/usr/local/lib/python2.7/dist-packages/south/db/generic.py TIME: 2013-01-06 21:34:48,014 MSG:generic.py:execute:270 execute "ALTER TABLE `lbforum_post_attachments` ADD CONSTRAINT `lbforum_post_attachments_post_id_21db9293bd7cf264_uniq` UNIQUE (`post_id`, `attachment_id`)" with params "[]"
/usr/local/lib/python2.7/dist-packages/south/db/generic.py TIME: 2013-01-06 21:34:48,132 MSG:generic.py:execute:270 execute "CREATE TABLE `lbforum_lbforumuserprofile` (`id` integer AUTO_INCREMENT NOT NULL PRIMARY KEY, `user_id` integer NOT NULL UNIQUE, `last_activity` datetime NOT NULL, `userrank` varchar(30) NOT NULL, `last_posttime` datetime NOT NULL, `signature` varchar(1000) NOT NULL);" with params "[]"
/usr/local/lib/python2.7/dist-packages/south/db/generic.py TIME: 2013-01-06 21:34:48,198 MSG:generic.py:execute:270 execute "CREATE INDEX `lbforum_forum_a951d5d6` ON `lbforum_forum` (`slug`);" with params "[]"
/usr/local/lib/python2.7/dist-packages/south/db/generic.py TIME: 2013-01-06 21:34:48,306 MSG:generic.py:execute:270 execute "ALTER TABLE `lbforum_forum` ADD CONSTRAINT `category_id_refs_id_5bd2f8f3bafcfea5` FOREIGN KEY (`category_id`) REFERENCES `lbforum_category` (`id`);" with params "[]"
/usr/local/lib/python2.7/dist-packages/south/db/generic.py TIME: 2013-01-06 21:34:48,532 MSG:generic.py:execute:270 execute "CREATE INDEX `lbforum_forum_42dc49bc` ON `lbforum_forum` (`category_id`);" with params "[]"
/usr/local/lib/python2.7/dist-packages/south/db/generic.py TIME: 2013-01-06 21:34:48,682 MSG:generic.py:execute:270 execute "ALTER TABLE `lbforum_topic` ADD CONSTRAINT `forum_id_refs_id_1aab467680dfdf41` FOREIGN KEY (`forum_id`) REFERENCES `lbforum_forum` (`id`);" with params "[]"
/usr/local/lib/python2.7/dist-packages/south/db/generic.py TIME: 2013-01-06 21:34:48,816 MSG:generic.py:execute:270 execute "CREATE INDEX `lbforum_topic_b665e7a6` ON `lbforum_topic` (`forum_id`);" with params "[]"
/usr/local/lib/python2.7/dist-packages/south/db/generic.py TIME: 2013-01-06 21:34:48,959 MSG:generic.py:execute:270 execute "ALTER TABLE `lbforum_topic` ADD CONSTRAINT `posted_by_id_refs_id_1662edf303b41434` FOREIGN KEY (`posted_by_id`) REFERENCES `auth_user` (`id`);" with params "[]"
/usr/local/lib/python2.7/dist-packages/south/db/generic.py TIME: 2013-01-06 21:34:49,092 MSG:generic.py:execute:270 execute "CREATE INDEX `lbforum_topic_a5088c4e` ON `lbforum_topic` (`posted_by_id`);" with params "[]"
/usr/local/lib/python2.7/dist-packages/south/db/generic.py TIME: 2013-01-06 21:34:49,235 MSG:generic.py:execute:270 execute "ALTER TABLE `lbforum_post` ADD CONSTRAINT `topic_id_refs_id_62cb265662736681` FOREIGN KEY (`topic_id`) REFERENCES `lbforum_topic` (`id`);" with params "[]"
/usr/local/lib/python2.7/dist-packages/south/db/generic.py TIME: 2013-01-06 21:34:49,493 MSG:generic.py:execute:270 execute "CREATE INDEX `lbforum_post_57732028` ON `lbforum_post` (`topic_id`);" with params "[]"
/usr/local/lib/python2.7/dist-packages/south/db/generic.py TIME: 2013-01-06 21:34:49,802 MSG:generic.py:execute:270 execute "ALTER TABLE `lbforum_post` ADD CONSTRAINT `posted_by_id_refs_id_79972ed9feafa52e` FOREIGN KEY (`posted_by_id`) REFERENCES `auth_user` (`id`);" with params "[]"
/usr/local/lib/python2.7/dist-packages/south/db/generic.py TIME: 2013-01-06 21:34:49,936 MSG:generic.py:execute:270 execute "CREATE INDEX `lbforum_post_a5088c4e` ON `lbforum_post` (`posted_by_id`);" with params "[]"
/usr/local/lib/python2.7/dist-packages/south/db/generic.py TIME: 2013-01-06 21:34:50,078 MSG:generic.py:execute:270 execute "ALTER TABLE `lbforum_post_attachments` ADD CONSTRAINT `post_id_refs_id_5ead5bb5f6ff6718` FOREIGN KEY (`post_id`) REFERENCES `lbforum_post` (`id`);" with params "[]"
/usr/local/lib/python2.7/dist-packages/south/db/generic.py TIME: 2013-01-06 21:34:50,221 MSG:generic.py:execute:270 execute "CREATE INDEX `lbforum_post_attachments_699ae8ca` ON `lbforum_post_attachments` (`post_id`);" with params "[]"
/usr/local/lib/python2.7/dist-packages/south/db/generic.py TIME: 2013-01-06 21:34:50,321 MSG:generic.py:execute:270 execute "ALTER TABLE `lbforum_post_attachments` ADD CONSTRAINT `attachment_id_refs_id_10b2d8d8177ecd1e` FOREIGN KEY (`attachment_id`) REFERENCES `attachments_attachment` (`id`);" with params "[]"
/usr/local/lib/python2.7/dist-packages/south/db/generic.py TIME: 2013-01-06 21:34:50,455 MSG:generic.py:execute:270 execute "CREATE INDEX `lbforum_post_attachments_edee6011` ON `lbforum_post_attachments` (`attachment_id`);" with params "[]"
/usr/local/lib/python2.7/dist-packages/south/db/generic.py TIME: 2013-01-06 21:34:50,631 MSG:generic.py:execute:270 execute "ALTER TABLE `lbforum_lbforumuserprofile` ADD CONSTRAINT `user_id_refs_id_2c2a1375699fe065` FOREIGN KEY (`user_id`) REFERENCES `auth_user` (`id`);" with params "[]"
/usr/local/lib/python2.7/dist-packages/south/db/generic.py TIME: 2013-01-06 21:34:50,807 MSG:generic.py:execute:270 execute "SET FOREIGN_KEY_CHECKS=0;" with params "[]"
/usr/local/lib/python2.7/dist-packages/south/db/generic.py TIME: 2013-01-06 21:34:50,860 MSG:generic.py:execute:270 execute "SET FOREIGN_KEY_CHECKS=0;" with params "[]"
/usr/local/lib/python2.7/dist-packages/south/db/generic.py TIME: 2013-01-06 21:34:50,861 MSG:generic.py:execute:270 execute "ALTER TABLE `lbforum_topic` ADD COLUMN `has_imgs` bool NOT NULL DEFAULT False;" with params "[]"
/usr/local/lib/python2.7/dist-packages/south/db/generic.py TIME: 2013-01-06 21:34:51,032 MSG:generic.py:execute:270 execute "ALTER TABLE `lbforum_topic` ;" with params "[]"
/usr/local/lib/python2.7/dist-packages/south/db/generic.py TIME: 2013-01-06 21:34:51,033 MSG:generic.py:execute:270 execute "ALTER TABLE `lbforum_topic` MODIFY `has_imgs` bool NOT NULL;;" with params "[]"
/usr/local/lib/python2.7/dist-packages/south/db/generic.py TIME: 2013-01-06 21:34:51,066 MSG:generic.py:execute:270 execute "ALTER TABLE `lbforum_topic` ALTER COLUMN `has_imgs` DROP DEFAULT;" with params "[]"
/usr/local/lib/python2.7/dist-packages/south/db/generic.py TIME: 2013-01-06 21:34:51,100 MSG:generic.py:execute:270 execute "ALTER TABLE `lbforum_topic` ADD COLUMN `has_attachments` bool NOT NULL DEFAULT False;" with params "[]"
/usr/local/lib/python2.7/dist-packages/south/db/generic.py TIME: 2013-01-06 21:34:51,258 MSG:generic.py:execute:270 execute "ALTER TABLE `lbforum_topic` ;" with params "[]"
/usr/local/lib/python2.7/dist-packages/south/db/generic.py TIME: 2013-01-06 21:34:51,259 MSG:generic.py:execute:270 execute "ALTER TABLE `lbforum_topic` MODIFY `has_attachments` bool NOT NULL;;" with params "[]"
/usr/local/lib/python2.7/dist-packages/south/db/generic.py TIME: 2013-01-06 21:34:51,292 MSG:generic.py:execute:270 execute "ALTER TABLE `lbforum_topic` ALTER COLUMN `has_attachments` DROP DEFAULT;" with params "[]"
/usr/local/lib/python2.7/dist-packages/south/db/generic.py TIME: 2013-01-06 21:34:51,325 MSG:generic.py:execute:270 execute "ALTER TABLE `lbforum_topic` ADD COLUMN `level` smallint NOT NULL DEFAULT 30;" with params "[]"
/usr/local/lib/python2.7/dist-packages/south/db/generic.py TIME: 2013-01-06 21:34:51,459 MSG:generic.py:execute:270 execute "ALTER TABLE `lbforum_topic` ;" with params "[]"
/usr/local/lib/python2.7/dist-packages/south/db/generic.py TIME: 2013-01-06 21:34:51,460 MSG:generic.py:execute:270 execute "ALTER TABLE `lbforum_topic` MODIFY `level` smallint NOT NULL;;" with params "[]"
/usr/local/lib/python2.7/dist-packages/south/db/generic.py TIME: 2013-01-06 21:34:51,493 MSG:generic.py:execute:270 execute "ALTER TABLE `lbforum_topic` ALTER COLUMN `level` DROP DEFAULT;" with params "[]"
/usr/local/lib/python2.7/dist-packages/south/db/generic.py TIME: 2013-01-06 21:34:51,526 MSG:generic.py:execute:270 execute "ALTER TABLE `lbforum_post` ADD COLUMN `has_imgs` bool NOT NULL DEFAULT False;" with params "[]"
/usr/local/lib/python2.7/dist-packages/south/db/generic.py TIME: 2013-01-06 21:34:51,660 MSG:generic.py:execute:270 execute "ALTER TABLE `lbforum_post` ;" with params "[]"
/usr/local/lib/python2.7/dist-packages/south/db/generic.py TIME: 2013-01-06 21:34:51,661 MSG:generic.py:execute:270 execute "ALTER TABLE `lbforum_post` MODIFY `has_imgs` bool NOT NULL;;" with params "[]"
/usr/local/lib/python2.7/dist-packages/south/db/generic.py TIME: 2013-01-06 21:34:51,694 MSG:generic.py:execute:270 execute "ALTER TABLE `lbforum_post` ALTER COLUMN `has_imgs` DROP DEFAULT;" with params "[]"
/usr/local/lib/python2.7/dist-packages/south/db/generic.py TIME: 2013-01-06 21:34:51,727 MSG:generic.py:execute:270 execute "ALTER TABLE `lbforum_post` ADD COLUMN `has_attachments` bool NOT NULL DEFAULT False;" with params "[]"
/usr/local/lib/python2.7/dist-packages/south/db/generic.py TIME: 2013-01-06 21:34:51,861 MSG:generic.py:execute:270 execute "ALTER TABLE `lbforum_post` ;" with params "[]"
/usr/local/lib/python2.7/dist-packages/south/db/generic.py TIME: 2013-01-06 21:34:51,861 MSG:generic.py:execute:270 execute "ALTER TABLE `lbforum_post` MODIFY `has_attachments` bool NOT NULL;;" with params "[]"
/usr/local/lib/python2.7/dist-packages/south/db/generic.py TIME: 2013-01-06 21:34:51,895 MSG:generic.py:execute:270 execute "ALTER TABLE `lbforum_post` ALTER COLUMN `has_attachments` DROP DEFAULT;" with params "[]"
/usr/local/lib/python2.7/dist-packages/south/db/generic.py TIME: 2013-01-06 21:34:51,928 MSG:generic.py:execute:270 execute "SET FOREIGN_KEY_CHECKS=0;" with params "[]"
/usr/local/lib/python2.7/dist-packages/south/db/generic.py TIME: 2013-01-06 21:34:51,971 MSG:generic.py:execute:270 execute "SET FOREIGN_KEY_CHECKS=0;" with params "[]"
/usr/local/lib/python2.7/dist-packages/south/db/generic.py TIME: 2013-01-06 21:34:51,971 MSG:generic.py:execute:270 execute "ALTER TABLE `lbforum_topic` ADD COLUMN `need_replay` bool NOT NULL DEFAULT False;" with params "[]"
/usr/local/lib/python2.7/dist-packages/south/db/generic.py TIME: 2013-01-06 21:34:52,120 MSG:generic.py:execute:270 execute "ALTER TABLE `lbforum_topic` ;" with params "[]"
/usr/local/lib/python2.7/dist-packages/south/db/generic.py TIME: 2013-01-06 21:34:52,121 MSG:generic.py:execute:270 execute "ALTER TABLE `lbforum_topic` MODIFY `need_replay` bool NOT NULL;;" with params "[]"
/usr/local/lib/python2.7/dist-packages/south/db/generic.py TIME: 2013-01-06 21:34:52,154 MSG:generic.py:execute:270 execute "ALTER TABLE `lbforum_topic` ALTER COLUMN `need_replay` DROP DEFAULT;" with params "[]"
/usr/local/lib/python2.7/dist-packages/south/db/generic.py TIME: 2013-01-06 21:34:52,188 MSG:generic.py:execute:270 execute "ALTER TABLE `lbforum_post` ADD COLUMN `format` varchar(20) NOT NULL DEFAULT 'bbcode';" with params "[]"
/usr/local/lib/python2.7/dist-packages/south/db/generic.py TIME: 2013-01-06 21:34:52,380 MSG:generic.py:execute:270 execute "ALTER TABLE `lbforum_post` ;" with params "[]"
/usr/local/lib/python2.7/dist-packages/south/db/generic.py TIME: 2013-01-06 21:34:52,380 MSG:generic.py:execute:270 execute "ALTER TABLE `lbforum_post` MODIFY `format` varchar(20) NOT NULL;;" with params "[]"
/usr/local/lib/python2.7/dist-packages/south/db/generic.py TIME: 2013-01-06 21:34:52,422 MSG:generic.py:execute:270 execute "ALTER TABLE `lbforum_post` ALTER COLUMN `format` DROP DEFAULT;" with params "[]"
/usr/local/lib/python2.7/dist-packages/south/db/generic.py TIME: 2013-01-06 21:34:52,464 MSG:generic.py:execute:270 execute "SET FOREIGN_KEY_CHECKS=0;" with params "[]"
/usr/local/lib/python2.7/dist-packages/south/db/generic.py TIME: 2013-01-06 21:34:52,505 MSG:generic.py:execute:270 execute "SET FOREIGN_KEY_CHECKS=0;" with params "[]"
/usr/local/lib/python2.7/dist-packages/south/db/generic.py TIME: 2013-01-06 21:34:52,506 MSG:generic.py:execute:270 execute "ALTER TABLE `lbforum_topic` ADD COLUMN `need_reply_attachments` bool NOT NULL DEFAULT False;" with params "[]"
/usr/local/lib/python2.7/dist-packages/south/db/generic.py TIME: 2013-01-06 21:34:52,731 MSG:generic.py:execute:270 execute "ALTER TABLE `lbforum_topic` ;" with params "[]"
/usr/local/lib/python2.7/dist-packages/south/db/generic.py TIME: 2013-01-06 21:34:52,732 MSG:generic.py:execute:270 execute "ALTER TABLE `lbforum_topic` MODIFY `need_reply_attachments` bool NOT NULL;;" with params "[]"
/usr/local/lib/python2.7/dist-packages/south/db/generic.py TIME: 2013-01-06 21:34:52,840 MSG:generic.py:execute:270 execute "ALTER TABLE `lbforum_topic` ALTER COLUMN `need_reply_attachments` DROP DEFAULT;" with params "[]"
/usr/local/lib/python2.7/dist-packages/south/db/generic.py TIME: 2013-01-06 21:34:52,948 MSG:generic.py:execute:270 execute "SET FOREIGN_KEY_CHECKS=0;" with params "[]"
/usr/local/lib/python2.7/dist-packages/south/db/generic.py TIME: 2013-01-06 21:34:53,018 MSG:generic.py:execute:270 execute "SET FOREIGN_KEY_CHECKS=0;" with params "[]"
/usr/local/lib/python2.7/dist-packages/south/db/generic.py TIME: 2013-01-06 21:34:53,020 MSG:generic.py:execute:270 execute "CREATE TABLE `lbforum_topictype` (`id` integer AUTO_INCREMENT NOT NULL PRIMARY KEY, `forum_id` integer NOT NULL, `name` varchar(100) NOT NULL, `slug` varchar(100) NOT NULL, `description` longtext NOT NULL);" with params "[]"
/usr/local/lib/python2.7/dist-packages/south/db/generic.py TIME: 2013-01-06 21:34:53,082 MSG:generic.py:execute:270 execute "ALTER TABLE `lbforum_topic` ADD COLUMN `topic_type_id` integer NULL;" with params "[]"
/usr/local/lib/python2.7/dist-packages/south/db/generic.py TIME: 2013-01-06 21:34:53,274 MSG:generic.py:execute:270 execute "ALTER TABLE `lbforum_topic` ;" with params "[]"
/usr/local/lib/python2.7/dist-packages/south/db/generic.py TIME: 2013-01-06 21:34:53,275 MSG:generic.py:execute:270 execute "ALTER TABLE `lbforum_topic` MODIFY `topic_type_id` integer NULL;;" with params "[]"
/usr/local/lib/python2.7/dist-packages/south/db/generic.py TIME: 2013-01-06 21:34:53,308 MSG:generic.py:execute:270 execute "ALTER TABLE `lbforum_topic` ALTER COLUMN `topic_type_id` DROP DEFAULT;" with params "[]"
/usr/local/lib/python2.7/dist-packages/south/db/generic.py TIME: 2013-01-06 21:34:53,342 MSG:generic.py:execute:270 execute "ALTER TABLE `lbforum_topictype` ADD CONSTRAINT `forum_id_refs_id_2adf90a74a18f45` FOREIGN KEY (`forum_id`) REFERENCES `lbforum_forum` (`id`);" with params "[]"
/usr/local/lib/python2.7/dist-packages/south/db/generic.py TIME: 2013-01-06 21:34:53,692 MSG:generic.py:execute:270 execute "CREATE INDEX `lbforum_topictype_b665e7a6` ON `lbforum_topictype` (`forum_id`);" with params "[]"
/usr/local/lib/python2.7/dist-packages/south/db/generic.py TIME: 2013-01-06 21:34:53,926 MSG:generic.py:execute:270 execute "CREATE INDEX `lbforum_topictype_a951d5d6` ON `lbforum_topictype` (`slug`);" with params "[]"
/usr/local/lib/python2.7/dist-packages/south/db/generic.py TIME: 2013-01-06 21:34:54,018 MSG:generic.py:execute:270 execute "ALTER TABLE `lbforum_topic` ADD CONSTRAINT `topic_type_id_refs_id_a8d28d7f0331aaf` FOREIGN KEY (`topic_type_id`) REFERENCES `lbforum_topictype` (`id`);" with params "[]"
/usr/local/lib/python2.7/dist-packages/south/db/generic.py TIME: 2013-01-06 21:34:54,152 MSG:generic.py:execute:270 execute "CREATE INDEX `lbforum_topic_13b815fa` ON `lbforum_topic` (`topic_type_id`);" with params "[]"
/usr/local/lib/python2.7/dist-packages/south/db/generic.py TIME: 2013-01-06 21:34:54,294 MSG:generic.py:execute:270 execute "SET FOREIGN_KEY_CHECKS=0;" with params "[]"
/usr/local/lib/python2.7/dist-packages/south/db/generic.py TIME: 2013-01-06 21:34:54,336 MSG:generic.py:execute:270 execute "SET FOREIGN_KEY_CHECKS=0;" with params "[]"
/usr/local/lib/python2.7/dist-packages/south/db/generic.py TIME: 2013-01-06 21:34:54,336 MSG:generic.py:execute:270 execute "ALTER TABLE `lbforum_topic` ADD COLUMN `post_id` integer NULL;" with params "[]"
/usr/local/lib/python2.7/dist-packages/south/db/generic.py TIME: 2013-01-06 21:34:54,470 MSG:generic.py:execute:270 execute "ALTER TABLE `lbforum_topic` ;" with params "[]"
/usr/local/lib/python2.7/dist-packages/south/db/generic.py TIME: 2013-01-06 21:34:54,470 MSG:generic.py:execute:270 execute "ALTER TABLE `lbforum_topic` MODIFY `post_id` integer NULL;;" with params "[]"
/usr/local/lib/python2.7/dist-packages/south/db/generic.py TIME: 2013-01-06 21:34:54,503 MSG:generic.py:execute:270 execute "ALTER TABLE `lbforum_topic` ALTER COLUMN `post_id` DROP DEFAULT;" with params "[]"
/usr/local/lib/python2.7/dist-packages/south/db/generic.py TIME: 2013-01-06 21:34:54,537 MSG:generic.py:execute:270 execute "ALTER TABLE `lbforum_topic` ADD CONSTRAINT `post_id_refs_id_696476406da01825` FOREIGN KEY (`post_id`) REFERENCES `lbforum_post` (`id`);" with params "[]"
/usr/local/lib/python2.7/dist-packages/south/db/generic.py TIME: 2013-01-06 21:34:54,671 MSG:generic.py:execute:270 execute "CREATE INDEX `lbforum_topic_699ae8ca` ON `lbforum_topic` (`post_id`);" with params "[]"
/usr/local/lib/python2.7/dist-packages/south/db/generic.py TIME: 2013-01-06 21:34:54,813 MSG:generic.py:execute:270 execute "SET FOREIGN_KEY_CHECKS=0;" with params "[]"
/usr/local/lib/python2.7/dist-packages/south/db/generic.py TIME: 2013-01-06 21:34:55,590 MSG:generic.py:execute:270 execute "SET FOREIGN_KEY_CHECKS=0;" with params "[]"
/usr/local/lib/python2.7/dist-packages/south/db/generic.py TIME: 2013-01-06 21:34:55,617 MSG:generic.py:execute:270 execute "CREATE TABLE `onlineuser_online` (`id` integer AUTO_INCREMENT NOT NULL PRIMARY KEY, `user_id` integer NULL UNIQUE, `ident` varchar(200) NOT NULL, `session_key` varchar(64) NOT NULL, `updated_on` datetime NOT NULL, `created_on` datetime NOT NULL);" with params "[]"
/usr/local/lib/python2.7/dist-packages/south/db/generic.py TIME: 2013-01-06 21:34:55,689 MSG:generic.py:execute:270 execute "ALTER TABLE `onlineuser_online` ADD CONSTRAINT `user_id_refs_id_597143cbd19ed701` FOREIGN KEY (`user_id`) REFERENCES `auth_user` (`id`);" with params "[]"
/usr/local/lib/python2.7/dist-packages/south/db/generic.py TIME: 2013-01-06 21:34:55,840 MSG:generic.py:execute:270 execute "SET FOREIGN_KEY_CHECKS=0;" with params "[]"
/usr/local/lib/python2.7/dist-packages/south/db/generic.py TIME: 2013-01-06 21:34:55,955 MSG:generic.py:execute:270 execute "SET FOREIGN_KEY_CHECKS=0;" with params "[]"
/usr/local/lib/python2.7/dist-packages/south/db/generic.py TIME: 2013-01-06 21:34:55,957 MSG:generic.py:execute:270 execute "CREATE TABLE `attachments_attachment` (`id` integer AUTO_INCREMENT NOT NULL PRIMARY KEY, `user_id` integer NOT NULL, `file` varchar(255) NOT NULL, `org_filename` longtext NOT NULL, `description` longtext NOT NULL, `activated` bool NOT NULL, `date_uploaded` datetime NOT NULL);" with params "[]"
/usr/local/lib/python2.7/dist-packages/south/db/generic.py TIME: 2013-01-06 21:34:56,024 MSG:generic.py:execute:270 execute "ALTER TABLE `attachments_attachment` ADD CONSTRAINT `user_id_refs_id_12322100e7256180` FOREIGN KEY (`user_id`) REFERENCES `auth_user` (`id`);" with params "[]"
/usr/local/lib/python2.7/dist-packages/south/db/generic.py TIME: 2013-01-06 21:34:56,199 MSG:generic.py:execute:270 execute "CREATE INDEX `attachments_attachment_fbfc09f1` ON `attachments_attachment` (`user_id`);" with params "[]"
/usr/local/lib/python2.7/dist-packages/south/db/generic.py TIME: 2013-01-06 21:34:56,425 MSG:generic.py:execute:270 execute "SET FOREIGN_KEY_CHECKS=0;" with params "[]"
/usr/local/lib/python2.7/dist-packages/south/db/generic.py TIME: 2013-01-06 21:34:56,541 MSG:generic.py:execute:270 execute "SET FOREIGN_KEY_CHECKS=0;" with params "[]"
/usr/local/lib/python2.7/dist-packages/south/db/generic.py TIME: 2013-01-06 21:34:56,541 MSG:generic.py:execute:270 execute "ALTER TABLE `attachments_attachment` ADD COLUMN `suffix` varchar(8) NOT NULL DEFAULT '';" with params "[]"
/usr/local/lib/python2.7/dist-packages/south/db/generic.py TIME: 2013-01-06 21:34:56,834 MSG:generic.py:execute:270 execute "ALTER TABLE `attachments_attachment` ;" with params "[]"
/usr/local/lib/python2.7/dist-packages/south/db/generic.py TIME: 2013-01-06 21:34:56,835 MSG:generic.py:execute:270 execute "ALTER TABLE `attachments_attachment` MODIFY `suffix` varchar(8) NOT NULL;;" with params "[]"
/usr/local/lib/python2.7/dist-packages/south/db/generic.py TIME: 2013-01-06 21:34:56,868 MSG:generic.py:execute:270 execute "ALTER TABLE `attachments_attachment` ALTER COLUMN `suffix` DROP DEFAULT;" with params "[]"
/usr/local/lib/python2.7/dist-packages/south/db/generic.py TIME: 2013-01-06 21:34:56,901 MSG:generic.py:execute:270 execute "ALTER TABLE `attachments_attachment` ADD COLUMN `is_img` bool NOT NULL DEFAULT False;" with params "[]"
/usr/local/lib/python2.7/dist-packages/south/db/generic.py TIME: 2013-01-06 21:34:57,035 MSG:generic.py:execute:270 execute "ALTER TABLE `attachments_attachment` ;" with params "[]"
/usr/local/lib/python2.7/dist-packages/south/db/generic.py TIME: 2013-01-06 21:34:57,036 MSG:generic.py:execute:270 execute "ALTER TABLE `attachments_attachment` MODIFY `is_img` bool NOT NULL;;" with params "[]"
/usr/local/lib/python2.7/dist-packages/south/db/generic.py TIME: 2013-01-06 21:34:57,069 MSG:generic.py:execute:270 execute "ALTER TABLE `attachments_attachment` ALTER COLUMN `is_img` DROP DEFAULT;" with params "[]"
/usr/local/lib/python2.7/dist-packages/south/db/generic.py TIME: 2013-01-06 21:34:57,103 MSG:generic.py:execute:270 execute "ALTER TABLE `attachments_attachment` ADD COLUMN `file_size` integer NOT NULL DEFAULT 0;" with params "[]"
/usr/local/lib/python2.7/dist-packages/south/db/generic.py TIME: 2013-01-06 21:34:57,236 MSG:generic.py:execute:270 execute "ALTER TABLE `attachments_attachment` ;" with params "[]"
/usr/local/lib/python2.7/dist-packages/south/db/generic.py TIME: 2013-01-06 21:34:57,237 MSG:generic.py:execute:270 execute "ALTER TABLE `attachments_attachment` MODIFY `file_size` integer NOT NULL;;" with params "[]"
/usr/local/lib/python2.7/dist-packages/south/db/generic.py TIME: 2013-01-06 21:34:57,270 MSG:generic.py:execute:270 execute "ALTER TABLE `attachments_attachment` ALTER COLUMN `file_size` DROP DEFAULT;" with params "[]"
/usr/local/lib/python2.7/dist-packages/south/db/generic.py TIME: 2013-01-06 21:34:57,304 MSG:generic.py:execute:270 execute "ALTER TABLE `attachments_attachment` ADD COLUMN `num_downloads` integer NOT NULL DEFAULT 0;" with params "[]"
/usr/local/lib/python2.7/dist-packages/south/db/generic.py TIME: 2013-01-06 21:34:57,445 MSG:generic.py:execute:270 execute "ALTER TABLE `attachments_attachment` ;" with params "[]"
/usr/local/lib/python2.7/dist-packages/south/db/generic.py TIME: 2013-01-06 21:34:57,446 MSG:generic.py:execute:270 execute "ALTER TABLE `attachments_attachment` MODIFY `num_downloads` integer NOT NULL;;" with params "[]"
/usr/local/lib/python2.7/dist-packages/south/db/generic.py TIME: 2013-01-06 21:34:57,488 MSG:generic.py:execute:270 execute "ALTER TABLE `attachments_attachment` ALTER COLUMN `num_downloads` DROP DEFAULT;" with params "[]"
/usr/local/lib/python2.7/dist-packages/south/db/generic.py TIME: 2013-01-06 21:34:57,521 MSG:generic.py:execute:270 execute "SET FOREIGN_KEY_CHECKS=0;" with params "[]"
/usr/local/lib/python2.7/dist-packages/south/db/generic.py TIME: 2013-01-06 21:34:57,595 MSG:generic.py:execute:270 execute "SET FOREIGN_KEY_CHECKS=0;" with params "[]"
/usr/local/lib/python2.7/dist-packages/south/db/generic.py TIME: 2013-01-06 21:34:57,595 MSG:generic.py:execute:270 execute "
            SELECT kc.`constraint_name`, kc.`column_name`, kc.`table_name`,
                kc.`referenced_table_name`, kc.`referenced_column_name`
            FROM information_schema.key_column_usage AS kc
            WHERE
                kc.table_schema = %s
        " with params "['Chemistry']"
/usr/local/lib/python2.7/dist-packages/south/db/generic.py TIME: 2013-01-06 21:34:57,599 MSG:generic.py:execute:270 execute "
            SELECT c.constraint_name, c.table_name, c.constraint_type
            FROM information_schema.table_constraints AS c
            WHERE
                c.table_schema = %s
        " with params "['Chemistry']"
/usr/local/lib/python2.7/dist-packages/south/db/generic.py TIME: 2013-01-06 21:34:57,601 MSG:generic.py:execute:270 execute "ALTER TABLE `attachments_attachment` DROP COLUMN `file_size` CASCADE;" with params "[]"
/usr/local/lib/python2.7/dist-packages/south/db/generic.py TIME: 2013-01-06 21:34:57,755 MSG:generic.py:execute:270 execute "SET FOREIGN_KEY_CHECKS=0;" with params "[]"
